0 info it worked if it ends with ok
1 verbose cli [ 'C:\\Program Files\\nodejs\\node.exe',
1 verbose cli   'C:\\Program Files\\nodejs\\node_modules\\npm\\bin\\npm-cli.js',
1 verbose cli   'install',
1 verbose cli   'pcap' ]
2 info using npm@2.15.0
3 info using node@v0.10.44
4 verbose install initial load of C:\Users\larkim2\Documents\Pizza\package.json
5 verbose installManyTop reading scoped package data from C:\Users\larkim2\Documents\Pizza\node_modules\body-parser\package.json
6 verbose installManyTop reading scoped package data from C:\Users\larkim2\Documents\Pizza\node_modules\express\package.json
7 verbose installManyTop reading scoped package data from C:\Users\larkim2\Documents\Pizza\node_modules\prompt\package.json
8 verbose readDependencies loading dependencies from C:\Users\larkim2\Documents\Pizza\package.json
9 silly cache add args [ 'pcap', null ]
10 verbose cache add spec pcap
11 silly cache add parsed spec { raw: 'pcap',
11 silly cache add   scope: null,
11 silly cache add   name: 'pcap',
11 silly cache add   rawSpec: '',
11 silly cache add   spec: 'latest',
11 silly cache add   type: 'tag' }
12 silly addNamed pcap@latest
13 verbose addNamed "latest" is being treated as a dist-tag for pcap
14 info addNameTag [ 'pcap', 'latest' ]
15 silly mapToRegistry name pcap
16 silly mapToRegistry using default registry
17 silly mapToRegistry registry https://registry.npmjs.org/
18 silly mapToRegistry data { raw: 'pcap',
18 silly mapToRegistry   scope: null,
18 silly mapToRegistry   name: 'pcap',
18 silly mapToRegistry   rawSpec: '',
18 silly mapToRegistry   spec: 'latest',
18 silly mapToRegistry   type: 'tag' }
19 silly mapToRegistry uri https://registry.npmjs.org/pcap
20 verbose addNameTag registry:https://registry.npmjs.org/pcap not in flight; fetching
21 verbose request uri https://registry.npmjs.org/pcap
22 verbose request no auth needed
23 info attempt registry request try #1 at 22:23:33
24 verbose request id d3b874dc7628598c
25 http request GET https://registry.npmjs.org/pcap
26 http 200 https://registry.npmjs.org/pcap
27 verbose headers { server: 'CouchDB/1.5.0 (Erlang OTP/R16B03)',
27 verbose headers   etag: '"8LRZY27ADZT7D8CRV41G3SL7L"',
27 verbose headers   'content-type': 'application/json',
27 verbose headers   'content-encoding': 'gzip',
27 verbose headers   'cache-control': 'max-age=300',
27 verbose headers   'content-length': '9782',
27 verbose headers   'accept-ranges': 'bytes',
27 verbose headers   date: 'Wed, 04 May 2016 02:23:33 GMT',
27 verbose headers   via: '1.1 varnish',
27 verbose headers   age: '0',
27 verbose headers   connection: 'keep-alive',
27 verbose headers   'x-served-by': 'cache-jfk1047-JFK',
27 verbose headers   'x-cache': 'MISS',
27 verbose headers   'x-cache-hits': '0',
27 verbose headers   'x-timer': 'S1462328613.486922,VS0,VE114',
27 verbose headers   vary: 'Accept-Encoding' }
28 silly get cb [ 200,
28 silly get   { server: 'CouchDB/1.5.0 (Erlang OTP/R16B03)',
28 silly get     etag: '"8LRZY27ADZT7D8CRV41G3SL7L"',
28 silly get     'content-type': 'application/json',
28 silly get     'content-encoding': 'gzip',
28 silly get     'cache-control': 'max-age=300',
28 silly get     'content-length': '9782',
28 silly get     'accept-ranges': 'bytes',
28 silly get     date: 'Wed, 04 May 2016 02:23:33 GMT',
28 silly get     via: '1.1 varnish',
28 silly get     age: '0',
28 silly get     connection: 'keep-alive',
28 silly get     'x-served-by': 'cache-jfk1047-JFK',
28 silly get     'x-cache': 'MISS',
28 silly get     'x-cache-hits': '0',
28 silly get     'x-timer': 'S1462328613.486922,VS0,VE114',
28 silly get     vary: 'Accept-Encoding' } ]
29 verbose get saving pcap to C:\Users\larkim2\AppData\Roaming\npm-cache\registry.npmjs.org\pcap\.cache.json
30 verbose correctMkdir C:\Users\larkim2\AppData\Roaming\npm-cache correctMkdir not in flight; initializing
31 silly addNameTag next cb for pcap with tag latest
32 silly addNamed pcap@2.0.1
33 verbose addNamed "2.0.1" is a plain semver version for pcap
34 silly mapToRegistry name pcap
35 silly mapToRegistry using default registry
36 silly mapToRegistry registry https://registry.npmjs.org/
37 silly mapToRegistry data { raw: 'pcap',
37 silly mapToRegistry   scope: null,
37 silly mapToRegistry   name: 'pcap',
37 silly mapToRegistry   rawSpec: '',
37 silly mapToRegistry   spec: 'latest',
37 silly mapToRegistry   type: 'tag' }
38 silly mapToRegistry uri https://registry.npmjs.org/pcap
39 verbose addRemoteTarball https://registry.npmjs.org/pcap/-/pcap-2.0.1.tgz not in flight; adding
40 verbose addRemoteTarball [ 'https://registry.npmjs.org/pcap/-/pcap-2.0.1.tgz',
40 verbose addRemoteTarball   '1c516248117a7a1ecadb39819477947645a87730' ]
41 info retry fetch attempt 1 at 22:23:33
42 info attempt registry request try #1 at 22:23:33
43 http fetch GET https://registry.npmjs.org/pcap/-/pcap-2.0.1.tgz
44 http fetch 200 https://registry.npmjs.org/pcap/-/pcap-2.0.1.tgz
45 silly fetchAndShaCheck shasum 1c516248117a7a1ecadb39819477947645a87730
46 verbose addTmpTarball C:\Users\larkim2\AppData\Local\Temp\npm-10668-7a5be1cc\registry.npmjs.org\pcap\-\pcap-2.0.1.tgz not in flight; adding
47 verbose addTmpTarball already have metadata; skipping unpack for pcap@2.0.1
48 verbose correctMkdir C:\Users\larkim2\AppData\Roaming\npm-cache correctMkdir not in flight; initializing
49 silly cache afterAdd pcap@2.0.1
50 verbose afterAdd C:\Users\larkim2\AppData\Roaming\npm-cache\pcap\2.0.1\package\package.json not in flight; writing
51 verbose correctMkdir C:\Users\larkim2\AppData\Roaming\npm-cache correctMkdir not in flight; initializing
52 verbose afterAdd C:\Users\larkim2\AppData\Roaming\npm-cache\pcap\2.0.1\package\package.json written
53 silly install resolved [ { name: 'pcap',
53 silly install resolved     version: '2.0.1',
53 silly install resolved     description: 'raw packet capture, decoding, and analysis',
53 silly install resolved     author: { name: 'Matt Ranney', email: 'mjr@ranney.com' },
53 silly install resolved     main: './pcap',
53 silly install resolved     repository: { type: 'git', url: 'git://github.com/mranney/node_pcap.git' },
53 silly install resolved     dependencies:
53 silly install resolved      { nan: '~1.6.1',
53 silly install resolved        socketwatcher: 'git://github.com/zerouid/node-socketwatcher.git' },
53 silly install resolved     scripts: { install: 'node-gyp rebuild' },
53 silly install resolved     gypfile: true,
53 silly install resolved     gitHead: 'cf5f918eb50b893112de9cb40721b19d77c1392d',
53 silly install resolved     bugs: { url: 'https://github.com/mranney/node_pcap/issues' },
53 silly install resolved     homepage: 'https://github.com/mranney/node_pcap',
53 silly install resolved     _id: 'pcap@2.0.1',
53 silly install resolved     _shasum: '1c516248117a7a1ecadb39819477947645a87730',
53 silly install resolved     _from: 'pcap@latest',
53 silly install resolved     _npmVersion: '2.4.1',
53 silly install resolved     _nodeVersion: '0.10.32',
53 silly install resolved     _npmUser: { name: 'mjr', email: 'mjr@ranney.com' },
53 silly install resolved     maintainers: [ [Object], [Object] ],
53 silly install resolved     dist:
53 silly install resolved      { shasum: '1c516248117a7a1ecadb39819477947645a87730',
53 silly install resolved        tarball: 'https://registry.npmjs.org/pcap/-/pcap-2.0.1.tgz' },
53 silly install resolved     directories: {},
53 silly install resolved     _resolved: 'https://registry.npmjs.org/pcap/-/pcap-2.0.1.tgz' } ]
54 info install pcap@2.0.1 into C:\Users\larkim2\Documents\Pizza
55 info installOne pcap@2.0.1
56 verbose installOne of pcap to C:\Users\larkim2\Documents\Pizza not in flight; installing
57 verbose correctMkdir C:\Users\larkim2\AppData\Roaming\npm-cache\_locks correctMkdir not in flight; initializing
58 verbose lock using C:\Users\larkim2\AppData\Roaming\npm-cache\_locks\pcap-78f15cf9e97393f9.lock for C:\Users\larkim2\Documents\Pizza\node_modules\pcap
59 silly install write writing pcap 2.0.1 to C:\Users\larkim2\Documents\Pizza\node_modules\pcap
60 verbose unbuild node_modules\pcap
61 silly gentlyRm C:\Users\larkim2\Documents\Pizza\node_modules\pcap is being purged from base C:\Users\larkim2\Documents\Pizza
62 verbose gentlyRm don't care about contents; nuking C:\Users\larkim2\Documents\Pizza\node_modules\pcap
63 verbose tar unpack C:\Users\larkim2\AppData\Roaming\npm-cache\pcap\2.0.1\package.tgz
64 verbose tar unpacking to C:\Users\larkim2\Documents\Pizza\node_modules\pcap
65 silly gentlyRm C:\Users\larkim2\Documents\Pizza\node_modules\pcap is being purged
66 verbose gentlyRm don't care about contents; nuking C:\Users\larkim2\Documents\Pizza\node_modules\pcap
67 silly gunzTarPerm modes [ '777', '666' ]
68 silly gunzTarPerm extractEntry package.json
69 silly gunzTarPerm modified mode [ 'package.json', 420, 438 ]
70 silly gunzTarPerm extractEntry .npmignore
71 silly gunzTarPerm modified mode [ '.npmignore', 420, 438 ]
72 silly gunzTarPerm extractEntry README.md
73 silly gunzTarPerm modified mode [ 'README.md', 420, 438 ]
74 silly gunzTarPerm extractEntry util.js
75 silly gunzTarPerm modified mode [ 'util.js', 420, 438 ]
76 silly gunzTarPerm extractEntry dns_cache.js
77 silly gunzTarPerm modified mode [ 'dns_cache.js', 420, 438 ]
78 silly gunzTarPerm extractEntry pcap.js
79 silly gunzTarPerm modified mode [ 'pcap.js', 420, 438 ]
80 silly gunzTarPerm extractEntry tcp_tracker.js
81 silly gunzTarPerm modified mode [ 'tcp_tracker.js', 420, 438 ]
82 silly gunzTarPerm extractEntry test.js
83 silly gunzTarPerm modified mode [ 'test.js', 420, 438 ]
84 silly gunzTarPerm extractEntry changelog.md
85 silly gunzTarPerm modified mode [ 'changelog.md', 420, 438 ]
86 silly gunzTarPerm extractEntry decode/arp.js
87 silly gunzTarPerm modified mode [ 'decode/arp.js', 420, 438 ]
88 silly gunzTarPerm extractEntry decode/ipv4_addr.js
89 silly gunzTarPerm modified mode [ 'decode/ipv4_addr.js', 420, 438 ]
90 silly gunzTarPerm extractEntry decode/ipv6.js
91 silly gunzTarPerm modified mode [ 'decode/ipv6.js', 420, 438 ]
92 silly gunzTarPerm extractEntry decode/ipv6_addr.js
93 silly gunzTarPerm modified mode [ 'decode/ipv6_addr.js', 420, 438 ]
94 silly gunzTarPerm extractEntry decode/ipv4.js
95 silly gunzTarPerm modified mode [ 'decode/ipv4.js', 420, 438 ]
96 silly gunzTarPerm extractEntry decode/null_packet.js
97 silly gunzTarPerm modified mode [ 'decode/null_packet.js', 420, 438 ]
98 silly gunzTarPerm extractEntry decode/pcap_packet.js
99 silly gunzTarPerm modified mode [ 'decode/pcap_packet.js', 420, 438 ]
100 silly gunzTarPerm extractEntry decode/radio_frame.js
101 silly gunzTarPerm modified mode [ 'decode/radio_frame.js', 420, 438 ]
102 silly gunzTarPerm extractEntry decode/radio_packet.js
103 silly gunzTarPerm modified mode [ 'decode/radio_packet.js', 420, 438 ]
104 silly gunzTarPerm extractEntry decode/raw_packet.js
105 silly gunzTarPerm modified mode [ 'decode/raw_packet.js', 420, 438 ]
106 silly gunzTarPerm extractEntry decode/index.js
107 silly gunzTarPerm modified mode [ 'decode/index.js', 420, 438 ]
108 silly gunzTarPerm extractEntry decode/sll_addr.js
109 silly gunzTarPerm modified mode [ 'decode/sll_addr.js', 420, 438 ]
110 silly gunzTarPerm extractEntry decode/igmp.js
111 silly gunzTarPerm modified mode [ 'decode/igmp.js', 420, 438 ]
112 silly gunzTarPerm extractEntry decode/sll_packet.js
113 silly gunzTarPerm modified mode [ 'decode/sll_packet.js', 420, 438 ]
114 silly gunzTarPerm extractEntry decode/icmp.js
115 silly gunzTarPerm modified mode [ 'decode/icmp.js', 420, 438 ]
116 silly gunzTarPerm extractEntry decode/tcp.js
117 silly gunzTarPerm modified mode [ 'decode/tcp.js', 420, 438 ]
118 silly gunzTarPerm extractEntry decode/ethernet_packet.js
119 silly gunzTarPerm modified mode [ 'decode/ethernet_packet.js', 420, 438 ]
120 silly gunzTarPerm extractEntry decode/udp.js
121 silly gunzTarPerm modified mode [ 'decode/udp.js', 420, 438 ]
122 silly gunzTarPerm extractEntry decode/ethernet_addr.js
123 silly gunzTarPerm modified mode [ 'decode/ethernet_addr.js', 420, 438 ]
124 silly gunzTarPerm extractEntry decode/vlan.js
125 silly gunzTarPerm modified mode [ 'decode/vlan.js', 420, 438 ]
126 silly gunzTarPerm extractEntry decode/dns.js
127 silly gunzTarPerm modified mode [ 'decode/dns.js', 420, 438 ]
128 silly gunzTarPerm extractEntry decode/websocket.js
129 silly gunzTarPerm modified mode [ 'decode/websocket.js', 420, 438 ]
130 silly gunzTarPerm extractEntry decode/llc_packet.js
131 silly gunzTarPerm modified mode [ 'decode/llc_packet.js', 420, 438 ]
132 silly gunzTarPerm extractEntry .jshintrc
133 silly gunzTarPerm modified mode [ '.jshintrc', 420, 438 ]
134 silly gunzTarPerm extractEntry node_ko_article.md
135 silly gunzTarPerm modified mode [ 'node_ko_article.md', 420, 438 ]
136 silly gunzTarPerm extractEntry test.js~
137 silly gunzTarPerm modified mode [ 'test.js~', 420, 438 ]
138 silly gunzTarPerm extractEntry .jshintrc~
139 silly gunzTarPerm modified mode [ '.jshintrc~', 420, 438 ]
140 silly gunzTarPerm extractEntry pcap_binding.cc
141 silly gunzTarPerm modified mode [ 'pcap_binding.cc', 420, 438 ]
142 silly gunzTarPerm extractEntry pcap_session.cc
143 silly gunzTarPerm modified mode [ 'pcap_session.cc', 420, 438 ]
144 silly gunzTarPerm extractEntry pcap_session.h
145 silly gunzTarPerm modified mode [ 'pcap_session.h', 420, 438 ]
146 silly gunzTarPerm extractEntry binding.gyp
147 silly gunzTarPerm modified mode [ 'binding.gyp', 420, 438 ]
148 silly gunzTarPerm extractEntry examples/decode_bench.js
149 silly gunzTarPerm modified mode [ 'examples/decode_bench.js', 493, 511 ]
150 silly gunzTarPerm extractEntry examples/network_grep.js
151 silly gunzTarPerm modified mode [ 'examples/network_grep.js', 420, 438 ]
152 silly gunzTarPerm extractEntry examples/jquery.min.js
153 silly gunzTarPerm modified mode [ 'examples/jquery.min.js', 420, 438 ]
154 silly gunzTarPerm extractEntry examples/jquery.flot.js
155 silly gunzTarPerm modified mode [ 'examples/jquery.flot.js', 420, 438 ]
156 silly gunzTarPerm extractEntry examples/dns.js
157 silly gunzTarPerm modified mode [ 'examples/dns.js', 420, 438 ]
158 silly gunzTarPerm extractEntry examples/inject.js
159 silly gunzTarPerm modified mode [ 'examples/inject.js', 420, 438 ]
160 silly gunzTarPerm extractEntry examples/multiple_interfaces
161 silly gunzTarPerm modified mode [ 'examples/multiple_interfaces', 493, 511 ]
162 silly gunzTarPerm extractEntry examples/favicon.ico
163 silly gunzTarPerm modified mode [ 'examples/favicon.ico', 420, 438 ]
164 silly gunzTarPerm extractEntry examples/index.html
165 silly gunzTarPerm modified mode [ 'examples/index.html', 420, 438 ]
166 silly gunzTarPerm extractEntry examples/dns3.pcap
167 silly gunzTarPerm modified mode [ 'examples/dns3.pcap', 420, 438 ]
168 silly gunzTarPerm extractEntry examples/dns2.pcap
169 silly gunzTarPerm modified mode [ 'examples/dns2.pcap', 420, 438 ]
170 silly gunzTarPerm extractEntry examples/dns.pcap
171 silly gunzTarPerm modified mode [ 'examples/dns.pcap', 420, 438 ]
172 silly gunzTarPerm extractEntry examples/http_trace
173 silly gunzTarPerm modified mode [ 'examples/http_trace', 493, 511 ]
174 silly gunzTarPerm extractEntry examples/dns.js~
175 silly gunzTarPerm modified mode [ 'examples/dns.js~', 420, 438 ]
176 silly gunzTarPerm extractEntry examples/one.pcap
177 silly gunzTarPerm modified mode [ 'examples/one.pcap', 420, 438 ]
178 silly gunzTarPerm extractEntry examples/simple_capture
179 silly gunzTarPerm modified mode [ 'examples/simple_capture', 493, 511 ]
180 silly gunzTarPerm extractEntry examples/speed_server
181 silly gunzTarPerm modified mode [ 'examples/speed_server', 493, 511 ]
182 silly gunzTarPerm extractEntry examples/tcp_metrics
183 silly gunzTarPerm modified mode [ 'examples/tcp_metrics', 493, 511 ]
184 verbose write writing to C:\Users\larkim2\Documents\Pizza\node_modules\pcap\package.json
185 info preinstall pcap@2.0.1
186 verbose readDependencies loading dependencies from C:\Users\larkim2\Documents\Pizza\node_modules\pcap\package.json
187 silly prepareForInstallMany adding nan@~1.6.1 from pcap dependencies
188 silly prepareForInstallMany adding socketwatcher@git://github.com/zerouid/node-socketwatcher.git from pcap dependencies
189 verbose readDependencies loading dependencies from C:\Users\larkim2\Documents\Pizza\node_modules\pcap\package.json
190 silly cache add args [ 'nan@~1.6.1', null ]
191 verbose cache add spec nan@~1.6.1
192 silly cache add args [ 'socketwatcher@git://github.com/zerouid/node-socketwatcher.git',
192 silly cache add   null ]
193 verbose cache add spec socketwatcher@git://github.com/zerouid/node-socketwatcher.git
194 silly cache add parsed spec { raw: 'nan@~1.6.1',
194 silly cache add   scope: null,
194 silly cache add   name: 'nan',
194 silly cache add   rawSpec: '~1.6.1',
194 silly cache add   spec: '>=1.6.1 <1.7.0',
194 silly cache add   type: 'range' }
195 silly addNamed nan@>=1.6.1 <1.7.0
196 verbose addNamed ">=1.6.1 <1.7.0" is a valid semver range for nan
197 silly addNameRange { name: 'nan', range: '>=1.6.1 <1.7.0', hasData: false }
198 silly mapToRegistry name nan
199 silly mapToRegistry using default registry
200 silly mapToRegistry registry https://registry.npmjs.org/
201 silly mapToRegistry data { raw: 'nan',
201 silly mapToRegistry   scope: null,
201 silly mapToRegistry   name: 'nan',
201 silly mapToRegistry   rawSpec: '',
201 silly mapToRegistry   spec: 'latest',
201 silly mapToRegistry   type: 'tag' }
202 silly mapToRegistry uri https://registry.npmjs.org/nan
203 verbose addNameRange registry:https://registry.npmjs.org/nan not in flight; fetching
204 silly cache add parsed spec { raw: 'socketwatcher@git://github.com/zerouid/node-socketwatcher.git',
204 silly cache add   scope: null,
204 silly cache add   name: 'socketwatcher',
204 silly cache add   rawSpec: 'git://github.com/zerouid/node-socketwatcher.git',
204 silly cache add   spec: 'git://github.com/zerouid/node-socketwatcher.git',
204 silly cache add   type: 'hosted',
204 silly cache add   hosted:
204 silly cache add    { type: 'github',
204 silly cache add      ssh: 'git@github.com:zerouid/node-socketwatcher.git',
204 silly cache add      sshUrl: 'git+ssh://git@github.com/zerouid/node-socketwatcher.git',
204 silly cache add      httpsUrl: 'git+https://github.com/zerouid/node-socketwatcher.git',
204 silly cache add      gitUrl: 'git://github.com/zerouid/node-socketwatcher.git',
204 silly cache add      shortcut: 'github:zerouid/node-socketwatcher',
204 silly cache add      directUrl: 'https://raw.githubusercontent.com/zerouid/node-socketwatcher/master/package.json' } }
205 verbose addRemoteGit caching git://github.com/zerouid/node-socketwatcher.git
206 verbose addRemoteGit git://github.com/zerouid/node-socketwatcher.git is a repository hosted by github
207 silly tryClone cloning git://github.com/zerouid/node-socketwatcher.git via git://github.com/zerouid/node-socketwatcher.git
208 verbose tryClone git-github-com-zerouid-node-socketwatcher-git-a1e57e3d not in flight; caching
209 verbose correctMkdir C:\Users\larkim2\AppData\Roaming\npm-cache\_git-remotes correctMkdir not in flight; initializing
210 verbose request uri https://registry.npmjs.org/nan
211 verbose request no auth needed
212 info attempt registry request try #1 at 22:23:34
213 verbose etag "24B26O57Z0ASCDVIYEYKA8KVW"
214 http request GET https://registry.npmjs.org/nan
215 info git [ 'clone',
215 info git   '--template=C:\\Users\\larkim2\\AppData\\Roaming\\npm-cache\\_git-remotes\\_templates',
215 info git   '--mirror',
215 info git   'git://github.com/zerouid/node-socketwatcher.git',
215 info git   'C:\\Users\\larkim2\\AppData\\Roaming\\npm-cache\\_git-remotes\\git-github-com-zerouid-node-socketwatcher-git-a1e57e3d' ]
216 http 304 https://registry.npmjs.org/nan
217 verbose headers { date: 'Wed, 04 May 2016 02:23:34 GMT',
217 verbose headers   via: '1.1 varnish',
217 verbose headers   'cache-control': 'max-age=300',
217 verbose headers   etag: '"24B26O57Z0ASCDVIYEYKA8KVW"',
217 verbose headers   age: '187',
217 verbose headers   connection: 'keep-alive',
217 verbose headers   'x-served-by': 'cache-jfk1020-JFK',
217 verbose headers   'x-cache': 'HIT',
217 verbose headers   'x-cache-hits': '5',
217 verbose headers   'x-timer': 'S1462328614.708046,VS0,VE0',
217 verbose headers   vary: 'Accept-Encoding' }
218 silly get cb [ 304,
218 silly get   { date: 'Wed, 04 May 2016 02:23:34 GMT',
218 silly get     via: '1.1 varnish',
218 silly get     'cache-control': 'max-age=300',
218 silly get     etag: '"24B26O57Z0ASCDVIYEYKA8KVW"',
218 silly get     age: '187',
218 silly get     connection: 'keep-alive',
218 silly get     'x-served-by': 'cache-jfk1020-JFK',
218 silly get     'x-cache': 'HIT',
218 silly get     'x-cache-hits': '5',
218 silly get     'x-timer': 'S1462328614.708046,VS0,VE0',
218 silly get     vary: 'Accept-Encoding' } ]
219 verbose etag https://registry.npmjs.org/nan from cache
220 verbose get saving nan to C:\Users\larkim2\AppData\Roaming\npm-cache\registry.npmjs.org\nan\.cache.json
221 verbose correctMkdir C:\Users\larkim2\AppData\Roaming\npm-cache correctMkdir not in flight; initializing
222 silly addNameRange number 2 { name: 'nan', range: '>=1.6.1 <1.7.0', hasData: true }
223 silly addNameRange versions [ 'nan',
223 silly addNameRange   [ '0.3.0-wip',
223 silly addNameRange     '0.3.0-wip2',
223 silly addNameRange     '0.3.0',
223 silly addNameRange     '0.3.1',
223 silly addNameRange     '0.3.2',
223 silly addNameRange     '0.4.0',
223 silly addNameRange     '0.4.1',
223 silly addNameRange     '0.4.2',
223 silly addNameRange     '0.4.3',
223 silly addNameRange     '0.4.4',
223 silly addNameRange     '0.5.0',
223 silly addNameRange     '0.5.1',
223 silly addNameRange     '0.5.2',
223 silly addNameRange     '0.6.0',
223 silly addNameRange     '0.7.0',
223 silly addNameRange     '0.7.1',
223 silly addNameRange     '0.8.0',
223 silly addNameRange     '1.0.0',
223 silly addNameRange     '1.1.0',
223 silly addNameRange     '1.1.1',
223 silly addNameRange     '1.1.2',
223 silly addNameRange     '1.2.0',
223 silly addNameRange     '1.3.0',
223 silly addNameRange     '1.4.0',
223 silly addNameRange     '1.4.1',
223 silly addNameRange     '1.5.0',
223 silly addNameRange     '1.4.2',
223 silly addNameRange     '1.4.3',
223 silly addNameRange     '1.5.1',
223 silly addNameRange     '1.5.2',
223 silly addNameRange     '1.6.0',
223 silly addNameRange     '1.5.3',
223 silly addNameRange     '1.6.1',
223 silly addNameRange     '1.6.2',
223 silly addNameRange     '1.7.0',
223 silly addNameRange     '1.8.0',
223 silly addNameRange     '1.8.1',
223 silly addNameRange     '1.8.2',
223 silly addNameRange     '1.8.3',
223 silly addNameRange     '1.8.4',
223 silly addNameRange     '1.9.0',
223 silly addNameRange     '2.0.0',
223 silly addNameRange     '2.0.1',
223 silly addNameRange     '2.0.2',
223 silly addNameRange     '2.0.3',
223 silly addNameRange     '2.0.4',
223 silly addNameRange     '2.0.5',
223 silly addNameRange     '2.0.6',
223 silly addNameRange     '2.0.7',
223 silly addNameRange     '2.0.8',
223 silly addNameRange     '2.0.9',
223 silly addNameRange     '2.1.0',
223 silly addNameRange     '2.2.0',
223 silly addNameRange     '2.2.1',
223 silly addNameRange     '2.3.0',
223 silly addNameRange     '2.3.1',
223 silly addNameRange     '2.3.2',
223 silly addNameRange     '2.3.3' ] ]
224 silly addNamed nan@1.6.2
225 verbose addNamed "1.6.2" is a plain semver version for nan
226 silly mapToRegistry name nan
227 silly mapToRegistry using default registry
228 silly mapToRegistry registry https://registry.npmjs.org/
229 silly mapToRegistry data { raw: 'nan',
229 silly mapToRegistry   scope: null,
229 silly mapToRegistry   name: 'nan',
229 silly mapToRegistry   rawSpec: '',
229 silly mapToRegistry   spec: 'latest',
229 silly mapToRegistry   type: 'tag' }
230 silly mapToRegistry uri https://registry.npmjs.org/nan
231 verbose addRemoteTarball https://registry.npmjs.org/nan/-/nan-1.6.2.tgz not in flight; adding
232 verbose addRemoteTarball [ 'https://registry.npmjs.org/nan/-/nan-1.6.2.tgz',
232 verbose addRemoteTarball   '2657d1c43b00f1e847e083832285b7d8f5ba8ec8' ]
233 info retry fetch attempt 1 at 22:23:34
234 info attempt registry request try #1 at 22:23:34
235 http fetch GET https://registry.npmjs.org/nan/-/nan-1.6.2.tgz
236 http fetch 200 https://registry.npmjs.org/nan/-/nan-1.6.2.tgz
237 silly fetchAndShaCheck shasum 2657d1c43b00f1e847e083832285b7d8f5ba8ec8
238 verbose addTmpTarball C:\Users\larkim2\AppData\Local\Temp\npm-10668-7a5be1cc\registry.npmjs.org\nan\-\nan-1.6.2.tgz not in flight; adding
239 verbose addTmpTarball already have metadata; skipping unpack for nan@1.6.2
240 verbose correctMkdir C:\Users\larkim2\AppData\Roaming\npm-cache correctMkdir not in flight; initializing
241 silly cache afterAdd nan@1.6.2
242 verbose afterAdd C:\Users\larkim2\AppData\Roaming\npm-cache\nan\1.6.2\package\package.json not in flight; writing
243 verbose correctMkdir C:\Users\larkim2\AppData\Roaming\npm-cache correctMkdir not in flight; initializing
244 verbose afterAdd C:\Users\larkim2\AppData\Roaming\npm-cache\nan\1.6.2\package\package.json written
245 verbose mirrorRemote git://github.com/zerouid/node-socketwatcher.git git clone git://github.com/zerouid/node-socketwatcher.git
246 verbose setPermissions git://github.com/zerouid/node-socketwatcher.git skipping chownr on Windows
247 verbose resolveHead git://github.com/zerouid/node-socketwatcher.git original treeish: master
248 info git [ 'rev-list', '-n1', 'master' ]
249 silly resolveHead git://github.com/zerouid/node-socketwatcher.git resolved treeish: 9fdfdd2dda2518ee4bfc7ab1f3d4c65b702d5b9d
250 verbose resolveHead git://github.com/zerouid/node-socketwatcher.git resolved Git URL: git://github.com/zerouid/node-socketwatcher.git#9fdfdd2dda2518ee4bfc7ab1f3d4c65b702d5b9d
251 silly resolveHead Git working directory: C:\Users\larkim2\AppData\Local\Temp\npm-10668-7a5be1cc\git-cache-7e750d5da1f9\9fdfdd2dda2518ee4bfc7ab1f3d4c65b702d5b9d
252 info git [ 'clone',
252 info git   'C:\\Users\\larkim2\\AppData\\Roaming\\npm-cache\\_git-remotes\\git-github-com-zerouid-node-socketwatcher-git-a1e57e3d',
252 info git   'C:\\Users\\larkim2\\AppData\\Local\\Temp\\npm-10668-7a5be1cc\\git-cache-7e750d5da1f9\\9fdfdd2dda2518ee4bfc7ab1f3d4c65b702d5b9d' ]
253 verbose cloneResolved git://github.com/zerouid/node-socketwatcher.git clone Cloning into 'C:\Users\larkim2\AppData\Local\Temp\npm-10668-7a5be1cc\git-cache-7e750d5da1f9\9fdfdd2dda2518ee4bfc7ab1f3d4c65b702d5b9d'...
253 verbose cloneResolved done.
254 info git [ 'checkout', '9fdfdd2dda2518ee4bfc7ab1f3d4c65b702d5b9d' ]
255 verbose checkoutTreeish git://github.com/zerouid/node-socketwatcher.git checkout Note: checking out '9fdfdd2dda2518ee4bfc7ab1f3d4c65b702d5b9d'.
255 verbose checkoutTreeish
255 verbose checkoutTreeish You are in 'detached HEAD' state. You can look around, make experimental
255 verbose checkoutTreeish changes and commit them, and you can discard any commits you make in this
255 verbose checkoutTreeish state without impacting any branches by performing another checkout.
255 verbose checkoutTreeish
255 verbose checkoutTreeish If you want to create a new branch to retain commits you create, you may
255 verbose checkoutTreeish do so (now or later) by using -b with the checkout command again. Example:
255 verbose checkoutTreeish
255 verbose checkoutTreeish   git checkout -b <new-branch-name>
255 verbose checkoutTreeish
255 verbose checkoutTreeish HEAD is now at 9fdfdd2... NaN 1.7.0
256 verbose addLocalDirectory C:\Users\larkim2\AppData\Roaming\npm-cache\socketwatcher\0.2.1\package.tgz not in flight; packing
257 verbose correctMkdir C:\Users\larkim2\AppData\Roaming\npm-cache correctMkdir not in flight; initializing
258 verbose tar pack [ 'C:\\Users\\larkim2\\AppData\\Roaming\\npm-cache\\socketwatcher\\0.2.1\\package.tgz',
258 verbose tar pack   'C:\\Users\\larkim2\\AppData\\Local\\Temp\\npm-10668-7a5be1cc\\git-cache-7e750d5da1f9\\9fdfdd2dda2518ee4bfc7ab1f3d4c65b702d5b9d' ]
259 verbose tarball C:\Users\larkim2\AppData\Roaming\npm-cache\socketwatcher\0.2.1\package.tgz
260 verbose folder C:\Users\larkim2\AppData\Local\Temp\npm-10668-7a5be1cc\git-cache-7e750d5da1f9\9fdfdd2dda2518ee4bfc7ab1f3d4c65b702d5b9d
261 verbose addLocalTarball adding from inside cache C:\Users\larkim2\AppData\Roaming\npm-cache\socketwatcher\0.2.1\package.tgz
262 verbose correctMkdir C:\Users\larkim2\AppData\Roaming\npm-cache correctMkdir not in flight; initializing
263 verbose addRemoteGit data._from: git://github.com/zerouid/node-socketwatcher.git
264 verbose addRemoteGit data._resolved: git://github.com/zerouid/node-socketwatcher.git#9fdfdd2dda2518ee4bfc7ab1f3d4c65b702d5b9d
265 silly cache afterAdd socketwatcher@0.2.1
266 verbose afterAdd C:\Users\larkim2\AppData\Roaming\npm-cache\socketwatcher\0.2.1\package\package.json not in flight; writing
267 verbose correctMkdir C:\Users\larkim2\AppData\Roaming\npm-cache correctMkdir not in flight; initializing
268 verbose afterAdd C:\Users\larkim2\AppData\Roaming\npm-cache\socketwatcher\0.2.1\package\package.json written
269 silly install resolved [ { name: 'nan',
269 silly install resolved     version: '1.6.2',
269 silly install resolved     description: 'Native Abstractions for Node.js: C++ header for Node 0.8->0.12 compatibility',
269 silly install resolved     main: 'include_dirs.js',
269 silly install resolved     repository: { type: 'git', url: 'git://github.com/rvagg/nan.git' },
269 silly install resolved     scripts:
269 silly install resolved      { test: 'tap --gc test/js/*-test.js',
269 silly install resolved        'rebuild-tests': 'pangyp rebuild --directory test' },
269 silly install resolved     contributors:
269 silly install resolved      [ [Object],
269 silly install resolved        [Object],
269 silly install resolved        [Object],
269 silly install resolved        [Object],
269 silly install resolved        [Object],
269 silly install resolved        [Object],
269 silly install resolved        [Object] ],
269 silly install resolved     devDependencies:
269 silly install resolved      { bindings: '~1.2.1',
269 silly install resolved        'node-gyp': '~1.0.2',
269 silly install resolved        pangyp: '~2.0.1',
269 silly install resolved        tap: '~0.5.0',
269 silly install resolved        xtend: '~4.0.0' },
269 silly install resolved     license: 'MIT',
269 silly install resolved     gitHead: 'ab0e5eed8d4aa36111bf8f44cf75644ece327e98',
269 silly install resolved     bugs: { url: 'https://github.com/rvagg/nan/issues' },
269 silly install resolved     homepage: 'https://github.com/rvagg/nan',
269 silly install resolved     _id: 'nan@1.6.2',
269 silly install resolved     _shasum: '2657d1c43b00f1e847e083832285b7d8f5ba8ec8',
269 silly install resolved     _from: 'nan@>=1.6.1 <1.7.0',
269 silly install resolved     _npmVersion: '2.0.0',
269 silly install resolved     _npmUser: { name: 'kkoopa', email: 'bbyholm@abo.fi' },
269 silly install resolved     maintainers: [ [Object], [Object] ],
269 silly install resolved     dist:
269 silly install resolved      { shasum: '2657d1c43b00f1e847e083832285b7d8f5ba8ec8',
269 silly install resolved        tarball: 'https://registry.npmjs.org/nan/-/nan-1.6.2.tgz' },
269 silly install resolved     directories: {},
269 silly install resolved     _resolved: 'https://registry.npmjs.org/nan/-/nan-1.6.2.tgz' },
269 silly install resolved   { name: 'socketwatcher',
269 silly install resolved     version: '0.2.1',
269 silly install resolved     main: './build/Release/socketwatcher.node',
269 silly install resolved     description: 'Binding for uv_poll and replacement for IOWatcher',
269 silly install resolved     keywords: [ 'IOWatcher', 'uv_poll', 'uv_poll_t', 'file descriptor', 'fd' ],
269 silly install resolved     homepage: 'https://github.com/btrask/node-socketwatcher/',
269 silly install resolved     bugs:
269 silly install resolved      { url: 'https://github.com/btrask/node-socketwatcher/issues',
269 silly install resolved        email: 'bentrastk@comcast.net' },
269 silly install resolved     license: 'MIT',
269 silly install resolved     contributors: [ [Object], [Object] ],
269 silly install resolved     maintainers: [ [Object] ],
269 silly install resolved     engines: { node: '>0.7.9' },
269 silly install resolved     repository:
269 silly install resolved      { type: 'git',
269 silly install resolved        url: 'git://github.com/btrask/node-socketwatcher.git' },
269 silly install resolved     gypfile: true,
269 silly install resolved     dependencies: { nan: '~1.7.0' },
269 silly install resolved     scripts: { install: 'node-gyp rebuild' },
269 silly install resolved     gitHead: '9fdfdd2dda2518ee4bfc7ab1f3d4c65b702d5b9d',
269 silly install resolved     readme: '#SocketWatcher\r\n\r\nSocketWatcher is a JavaScript binding for `uv_poll` based on code by [TobyEalden](https://github.com/TobyEalden) (with permission) for node_mdns. It\'s useful as a drop-in replacement for Node\'s old, private module `IOWatcher`.\r\n\r\nMore information on `uv_poll`:\r\n\r\n- [libuv header (look for `uv_poll_t`)](https://github.com/joyent/libuv/blob/master/include/uv.h)\r\n- [External I/O with polling (libuv docs)](http://nikhilm.github.io/uvbook/utilities.html#external-i-o-with-polling)\r\n- [fs: remove fs.watchFile(), IOWatcher (Node.js bug #3348)](https://github.com/joyent/node/issues/3348)\r\n- [IOWatcher broken since 0.7.9 (Node.js bug #4136)](https://github.com/joyent/node/issues/4136)\r\n\r\n##Installation and use\r\n\r\n```$ npm install socketwatcher```\r\n\r\n```javascript\r\nvar SocketWatcher = require("socketwatcher").SocketWatcher;\r\nvar watcher = new SocketWatcher();\r\nwatcher.callback = function() { [...] };\r\nwatcher.set(fd, read_flag, write_flag);\r\nwatcher.start();\r\n// watcher.stop();\r\n```\r\n\r\nNote: since version 0.2.0, you must use `require("socketwatcher").SocketWatcher`, instead of using the module object directly. Sorry for the inconvenience.\r\n\r\n##Original work\r\n\r\nThe files contributed to node_mdns:\r\n\r\n- [socket_watcher.hpp](https://github.com/agnat/node_mdns/blob/6dbd4619c2fe47a17cbc5d236a8e057eb08a1b41/src/socket_watcher.hpp)\r\n- [socket_watcher.cpp](https://github.com/agnat/node_mdns/blob/6dbd4619c2fe47a17cbc5d236a8e057eb08a1b41/src/socket_watcher.cpp)\r\n\r\n##License\r\n\r\nMIT licensed, see LICENSE.\r\n',
269 silly install resolved     readmeFilename: 'README.md',
269 silly install resolved     _id: 'socketwatcher@0.2.1',
269 silly install resolved     _shasum: '58db337d7b4e8a5f61d38deacd3dec89cbf2bcf1',
269 silly install resolved     _from: 'git://github.com/zerouid/node-socketwatcher.git',
269 silly install resolved     _resolved: 'git://github.com/zerouid/node-socketwatcher.git#9fdfdd2dda2518ee4bfc7ab1f3d4c65b702d5b9d' } ]
270 info install nan@1.6.2 into C:\Users\larkim2\Documents\Pizza\node_modules\pcap
271 info install socketwatcher@0.2.1 into C:\Users\larkim2\Documents\Pizza\node_modules\pcap
272 info installOne nan@1.6.2
273 verbose installOne of nan to C:\Users\larkim2\Documents\Pizza\node_modules\pcap not in flight; installing
274 verbose correctMkdir C:\Users\larkim2\AppData\Roaming\npm-cache\_locks correctMkdir not in flight; initializing
275 info installOne socketwatcher@0.2.1
276 verbose installOne of socketwatcher to C:\Users\larkim2\Documents\Pizza\node_modules\pcap not in flight; installing
277 verbose correctMkdir C:\Users\larkim2\AppData\Roaming\npm-cache\_locks correctMkdir not in flight; initializing
278 verbose lock using C:\Users\larkim2\AppData\Roaming\npm-cache\_locks\nan-93aa9b7196308234.lock for C:\Users\larkim2\Documents\Pizza\node_modules\pcap\node_modules\nan
279 verbose lock using C:\Users\larkim2\AppData\Roaming\npm-cache\_locks\socketwatcher-3a3ed66deab89805.lock for C:\Users\larkim2\Documents\Pizza\node_modules\pcap\node_modules\socketwatcher
280 silly install write writing nan 1.6.2 to C:\Users\larkim2\Documents\Pizza\node_modules\pcap\node_modules\nan
281 silly install write writing socketwatcher 0.2.1 to C:\Users\larkim2\Documents\Pizza\node_modules\pcap\node_modules\socketwatcher
282 verbose unbuild node_modules\pcap\node_modules\nan
283 verbose unbuild node_modules\pcap\node_modules\socketwatcher
284 silly gentlyRm C:\Users\larkim2\Documents\Pizza\node_modules\pcap\node_modules\nan is being purged from base C:\Users\larkim2\Documents\Pizza
285 verbose gentlyRm don't care about contents; nuking C:\Users\larkim2\Documents\Pizza\node_modules\pcap\node_modules\nan
286 silly gentlyRm C:\Users\larkim2\Documents\Pizza\node_modules\pcap\node_modules\socketwatcher is being purged from base C:\Users\larkim2\Documents\Pizza
287 verbose gentlyRm don't care about contents; nuking C:\Users\larkim2\Documents\Pizza\node_modules\pcap\node_modules\socketwatcher
288 verbose tar unpack C:\Users\larkim2\AppData\Roaming\npm-cache\nan\1.6.2\package.tgz
289 verbose tar unpacking to C:\Users\larkim2\Documents\Pizza\node_modules\pcap\node_modules\nan
290 silly gentlyRm C:\Users\larkim2\Documents\Pizza\node_modules\pcap\node_modules\nan is being purged
291 verbose gentlyRm don't care about contents; nuking C:\Users\larkim2\Documents\Pizza\node_modules\pcap\node_modules\nan
292 verbose tar unpack C:\Users\larkim2\AppData\Roaming\npm-cache\socketwatcher\0.2.1\package.tgz
293 verbose tar unpacking to C:\Users\larkim2\Documents\Pizza\node_modules\pcap\node_modules\socketwatcher
294 silly gentlyRm C:\Users\larkim2\Documents\Pizza\node_modules\pcap\node_modules\socketwatcher is being purged
295 verbose gentlyRm don't care about contents; nuking C:\Users\larkim2\Documents\Pizza\node_modules\pcap\node_modules\socketwatcher
296 silly gunzTarPerm modes [ '777', '666' ]
297 silly gunzTarPerm modes [ '777', '666' ]
298 silly gunzTarPerm extractEntry package.json
299 silly gunzTarPerm modified mode [ 'package.json', 436, 438 ]
300 silly gunzTarPerm extractEntry package.json
301 silly gunzTarPerm extractEntry .npmignore
302 silly gunzTarPerm extractEntry README.md
303 silly gunzTarPerm extractEntry include_dirs.js
304 silly gunzTarPerm modified mode [ 'include_dirs.js', 436, 438 ]
305 silly gunzTarPerm extractEntry LICENSE.md
306 silly gunzTarPerm modified mode [ 'LICENSE.md', 436, 438 ]
307 silly gunzTarPerm extractEntry LICENSE
308 silly gunzTarPerm extractEntry binding.gyp
309 silly gunzTarPerm extractEntry socket_watcher.cpp
310 silly gunzTarPerm extractEntry socket_watcher.hpp
311 silly gunzTarPerm extractEntry .dntrc
312 silly gunzTarPerm modified mode [ '.dntrc', 436, 438 ]
313 silly gunzTarPerm extractEntry appveyor.yml
314 silly gunzTarPerm modified mode [ 'appveyor.yml', 436, 438 ]
315 silly gunzTarPerm extractEntry nan.h
316 silly gunzTarPerm modified mode [ 'nan.h', 436, 438 ]
317 silly gunzTarPerm extractEntry nan_implementation_12_inl.h
318 silly gunzTarPerm modified mode [ 'nan_implementation_12_inl.h', 436, 438 ]
319 silly gunzTarPerm extractEntry nan_implementation_pre_12_inl.h
320 silly gunzTarPerm modified mode [ 'nan_implementation_pre_12_inl.h', 436, 438 ]
321 silly gunzTarPerm extractEntry nan_new.h
322 silly gunzTarPerm modified mode [ 'nan_new.h', 436, 438 ]
323 silly gunzTarPerm extractEntry nan_string_bytes.h
324 silly gunzTarPerm modified mode [ 'nan_string_bytes.h', 436, 438 ]
325 silly gunzTarPerm extractEntry CHANGELOG.md
326 silly gunzTarPerm modified mode [ 'CHANGELOG.md', 436, 438 ]
327 silly gunzTarPerm extractEntry wscript
328 verbose write writing to C:\Users\larkim2\Documents\Pizza\node_modules\pcap\node_modules\socketwatcher\package.json
329 info preinstall socketwatcher@0.2.1
330 verbose readDependencies loading dependencies from C:\Users\larkim2\Documents\Pizza\node_modules\pcap\node_modules\socketwatcher\package.json
331 silly prepareForInstallMany adding nan@~1.7.0 from socketwatcher dependencies
332 verbose readDependencies loading dependencies from C:\Users\larkim2\Documents\Pizza\node_modules\pcap\node_modules\socketwatcher\package.json
333 silly cache add args [ 'nan@~1.7.0', null ]
334 verbose cache add spec nan@~1.7.0
335 silly cache add parsed spec { raw: 'nan@~1.7.0',
335 silly cache add   scope: null,
335 silly cache add   name: 'nan',
335 silly cache add   rawSpec: '~1.7.0',
335 silly cache add   spec: '>=1.7.0 <1.8.0',
335 silly cache add   type: 'range' }
336 silly addNamed nan@>=1.7.0 <1.8.0
337 verbose addNamed ">=1.7.0 <1.8.0" is a valid semver range for nan
338 silly addNameRange { name: 'nan', range: '>=1.7.0 <1.8.0', hasData: false }
339 silly mapToRegistry name nan
340 silly mapToRegistry using default registry
341 silly mapToRegistry registry https://registry.npmjs.org/
342 silly mapToRegistry data { raw: 'nan',
342 silly mapToRegistry   scope: null,
342 silly mapToRegistry   name: 'nan',
342 silly mapToRegistry   rawSpec: '',
342 silly mapToRegistry   spec: 'latest',
342 silly mapToRegistry   type: 'tag' }
343 silly mapToRegistry uri https://registry.npmjs.org/nan
344 verbose addNameRange registry:https://registry.npmjs.org/nan not in flight; fetching
345 verbose get https://registry.npmjs.org/nan not expired, no request
346 silly addNameRange number 2 { name: 'nan', range: '>=1.7.0 <1.8.0', hasData: true }
347 silly addNameRange versions [ 'nan',
347 silly addNameRange   [ '0.3.0-wip',
347 silly addNameRange     '0.3.0-wip2',
347 silly addNameRange     '0.3.0',
347 silly addNameRange     '0.3.1',
347 silly addNameRange     '0.3.2',
347 silly addNameRange     '0.4.0',
347 silly addNameRange     '0.4.1',
347 silly addNameRange     '0.4.2',
347 silly addNameRange     '0.4.3',
347 silly addNameRange     '0.4.4',
347 silly addNameRange     '0.5.0',
347 silly addNameRange     '0.5.1',
347 silly addNameRange     '0.5.2',
347 silly addNameRange     '0.6.0',
347 silly addNameRange     '0.7.0',
347 silly addNameRange     '0.7.1',
347 silly addNameRange     '0.8.0',
347 silly addNameRange     '1.0.0',
347 silly addNameRange     '1.1.0',
347 silly addNameRange     '1.1.1',
347 silly addNameRange     '1.1.2',
347 silly addNameRange     '1.2.0',
347 silly addNameRange     '1.3.0',
347 silly addNameRange     '1.4.0',
347 silly addNameRange     '1.4.1',
347 silly addNameRange     '1.5.0',
347 silly addNameRange     '1.4.2',
347 silly addNameRange     '1.4.3',
347 silly addNameRange     '1.5.1',
347 silly addNameRange     '1.5.2',
347 silly addNameRange     '1.6.0',
347 silly addNameRange     '1.5.3',
347 silly addNameRange     '1.6.1',
347 silly addNameRange     '1.6.2',
347 silly addNameRange     '1.7.0',
347 silly addNameRange     '1.8.0',
347 silly addNameRange     '1.8.1',
347 silly addNameRange     '1.8.2',
347 silly addNameRange     '1.8.3',
347 silly addNameRange     '1.8.4',
347 silly addNameRange     '1.9.0',
347 silly addNameRange     '2.0.0',
347 silly addNameRange     '2.0.1',
347 silly addNameRange     '2.0.2',
347 silly addNameRange     '2.0.3',
347 silly addNameRange     '2.0.4',
347 silly addNameRange     '2.0.5',
347 silly addNameRange     '2.0.6',
347 silly addNameRange     '2.0.7',
347 silly addNameRange     '2.0.8',
347 silly addNameRange     '2.0.9',
347 silly addNameRange     '2.1.0',
347 silly addNameRange     '2.2.0',
347 silly addNameRange     '2.2.1',
347 silly addNameRange     '2.3.0',
347 silly addNameRange     '2.3.1',
347 silly addNameRange     '2.3.2',
347 silly addNameRange     '2.3.3' ] ]
348 silly addNamed nan@1.7.0
349 verbose addNamed "1.7.0" is a plain semver version for nan
350 silly mapToRegistry name nan
351 silly mapToRegistry using default registry
352 silly mapToRegistry registry https://registry.npmjs.org/
353 silly mapToRegistry data { raw: 'nan',
353 silly mapToRegistry   scope: null,
353 silly mapToRegistry   name: 'nan',
353 silly mapToRegistry   rawSpec: '',
353 silly mapToRegistry   spec: 'latest',
353 silly mapToRegistry   type: 'tag' }
354 silly mapToRegistry uri https://registry.npmjs.org/nan
355 verbose addRemoteTarball https://registry.npmjs.org/nan/-/nan-1.7.0.tgz not in flight; adding
356 verbose addRemoteTarball [ 'https://registry.npmjs.org/nan/-/nan-1.7.0.tgz',
356 verbose addRemoteTarball   '755b997404e83cbe7bc08bc3c5c56291bce87438' ]
357 info retry fetch attempt 1 at 22:23:35
358 info attempt registry request try #1 at 22:23:35
359 http fetch GET https://registry.npmjs.org/nan/-/nan-1.7.0.tgz
360 verbose write writing to C:\Users\larkim2\Documents\Pizza\node_modules\pcap\node_modules\nan\package.json
361 info preinstall nan@1.6.2
362 verbose readDependencies loading dependencies from C:\Users\larkim2\Documents\Pizza\node_modules\pcap\node_modules\nan\package.json
363 verbose readDependencies loading dependencies from C:\Users\larkim2\Documents\Pizza\node_modules\pcap\node_modules\nan\package.json
364 http fetch 200 https://registry.npmjs.org/nan/-/nan-1.7.0.tgz
365 silly install resolved []
366 verbose about to build C:\Users\larkim2\Documents\Pizza\node_modules\pcap\node_modules\nan
367 info build C:\Users\larkim2\Documents\Pizza\node_modules\pcap\node_modules\nan
368 info linkStuff nan@1.6.2
369 silly linkStuff nan@1.6.2 has C:\Users\larkim2\Documents\Pizza\node_modules\pcap\node_modules as its parent node_modules
370 verbose linkBins nan@1.6.2
371 verbose linkMans nan@1.6.2
372 verbose rebuildBundles nan@1.6.2
373 info install nan@1.6.2
374 silly fetchAndShaCheck shasum 755b997404e83cbe7bc08bc3c5c56291bce87438
375 info postinstall nan@1.6.2
376 verbose addTmpTarball C:\Users\larkim2\AppData\Local\Temp\npm-10668-7a5be1cc\registry.npmjs.org\nan\-\nan-1.7.0.tgz not in flight; adding
377 verbose addTmpTarball already have metadata; skipping unpack for nan@1.7.0
378 verbose correctMkdir C:\Users\larkim2\AppData\Roaming\npm-cache correctMkdir not in flight; initializing
379 verbose unlock done using C:\Users\larkim2\AppData\Roaming\npm-cache\_locks\nan-93aa9b7196308234.lock for C:\Users\larkim2\Documents\Pizza\node_modules\pcap\node_modules\nan
380 silly cache afterAdd nan@1.7.0
381 verbose afterAdd C:\Users\larkim2\AppData\Roaming\npm-cache\nan\1.7.0\package\package.json not in flight; writing
382 verbose correctMkdir C:\Users\larkim2\AppData\Roaming\npm-cache correctMkdir not in flight; initializing
383 verbose afterAdd C:\Users\larkim2\AppData\Roaming\npm-cache\nan\1.7.0\package\package.json written
384 silly install resolved [ { name: 'nan',
384 silly install resolved     version: '1.7.0',
384 silly install resolved     description: 'Native Abstractions for Node.js: C++ header for Node 0.8->0.12 compatibility',
384 silly install resolved     main: 'include_dirs.js',
384 silly install resolved     repository: { type: 'git', url: 'git://github.com/rvagg/nan.git' },
384 silly install resolved     scripts:
384 silly install resolved      { test: 'tap --gc test/js/*-test.js',
384 silly install resolved        'rebuild-tests': 'pangyp rebuild --directory test' },
384 silly install resolved     contributors:
384 silly install resolved      [ [Object],
384 silly install resolved        [Object],
384 silly install resolved        [Object],
384 silly install resolved        [Object],
384 silly install resolved        [Object],
384 silly install resolved        [Object],
384 silly install resolved        [Object] ],
384 silly install resolved     devDependencies:
384 silly install resolved      { bindings: '~1.2.1',
384 silly install resolved        'node-gyp': '~1.0.2',
384 silly install resolved        pangyp: '~2.0.1',
384 silly install resolved        tap: '~0.5.0',
384 silly install resolved        xtend: '~4.0.0' },
384 silly install resolved     license: 'MIT',
384 silly install resolved     gitHead: '550efb5dde5cb6bf79db87ab48dce850e56e971a',
384 silly install resolved     bugs: { url: 'https://github.com/rvagg/nan/issues' },
384 silly install resolved     homepage: 'https://github.com/rvagg/nan',
384 silly install resolved     _id: 'nan@1.7.0',
384 silly install resolved     _shasum: '755b997404e83cbe7bc08bc3c5c56291bce87438',
384 silly install resolved     _from: 'nan@>=1.7.0 <1.8.0',
384 silly install resolved     _npmVersion: '2.5.1',
384 silly install resolved     _nodeVersion: '0.12.0',
384 silly install resolved     _npmUser: { name: 'kkoopa', email: 'bbyholm@abo.fi' },
384 silly install resolved     maintainers: [ [Object], [Object] ],
384 silly install resolved     dist:
384 silly install resolved      { shasum: '755b997404e83cbe7bc08bc3c5c56291bce87438',
384 silly install resolved        tarball: 'https://registry.npmjs.org/nan/-/nan-1.7.0.tgz' },
384 silly install resolved     directories: {},
384 silly install resolved     _resolved: 'https://registry.npmjs.org/nan/-/nan-1.7.0.tgz' } ]
385 info install nan@1.7.0 into C:\Users\larkim2\Documents\Pizza\node_modules\pcap\node_modules\socketwatcher
386 info installOne nan@1.7.0
387 verbose installOne of nan to C:\Users\larkim2\Documents\Pizza\node_modules\pcap\node_modules\socketwatcher not in flight; installing
388 verbose correctMkdir C:\Users\larkim2\AppData\Roaming\npm-cache\_locks correctMkdir not in flight; initializing
389 verbose lock using C:\Users\larkim2\AppData\Roaming\npm-cache\_locks\nan-e44d2b5f40a3b907.lock for C:\Users\larkim2\Documents\Pizza\node_modules\pcap\node_modules\socketwatcher\node_modules\nan
390 silly install write writing nan 1.7.0 to C:\Users\larkim2\Documents\Pizza\node_modules\pcap\node_modules\socketwatcher\node_modules\nan
391 verbose unbuild node_modules\pcap\node_modules\socketwatcher\node_modules\nan
392 silly gentlyRm C:\Users\larkim2\Documents\Pizza\node_modules\pcap\node_modules\socketwatcher\node_modules\nan is being purged from base C:\Users\larkim2\Documents\Pizza
393 verbose gentlyRm don't care about contents; nuking C:\Users\larkim2\Documents\Pizza\node_modules\pcap\node_modules\socketwatcher\node_modules\nan
394 verbose tar unpack C:\Users\larkim2\AppData\Roaming\npm-cache\nan\1.7.0\package.tgz
395 verbose tar unpacking to C:\Users\larkim2\Documents\Pizza\node_modules\pcap\node_modules\socketwatcher\node_modules\nan
396 silly gentlyRm C:\Users\larkim2\Documents\Pizza\node_modules\pcap\node_modules\socketwatcher\node_modules\nan is being purged
397 verbose gentlyRm don't care about contents; nuking C:\Users\larkim2\Documents\Pizza\node_modules\pcap\node_modules\socketwatcher\node_modules\nan
398 silly gunzTarPerm modes [ '777', '666' ]
399 silly gunzTarPerm extractEntry package.json
400 silly gunzTarPerm modified mode [ 'package.json', 436, 438 ]
401 silly gunzTarPerm extractEntry include_dirs.js
402 silly gunzTarPerm modified mode [ 'include_dirs.js', 436, 438 ]
403 silly gunzTarPerm extractEntry LICENSE.md
404 silly gunzTarPerm modified mode [ 'LICENSE.md', 436, 438 ]
405 silly gunzTarPerm extractEntry .dntrc
406 silly gunzTarPerm modified mode [ '.dntrc', 436, 438 ]
407 silly gunzTarPerm extractEntry appveyor.yml
408 silly gunzTarPerm modified mode [ 'appveyor.yml', 436, 438 ]
409 silly gunzTarPerm extractEntry nan.h
410 silly gunzTarPerm modified mode [ 'nan.h', 436, 438 ]
411 silly gunzTarPerm extractEntry nan_implementation_12_inl.h
412 silly gunzTarPerm modified mode [ 'nan_implementation_12_inl.h', 436, 438 ]
413 silly gunzTarPerm extractEntry nan_implementation_pre_12_inl.h
414 silly gunzTarPerm modified mode [ 'nan_implementation_pre_12_inl.h', 436, 438 ]
415 silly gunzTarPerm extractEntry nan_new.h
416 silly gunzTarPerm modified mode [ 'nan_new.h', 436, 438 ]
417 silly gunzTarPerm extractEntry nan_string_bytes.h
418 silly gunzTarPerm modified mode [ 'nan_string_bytes.h', 436, 438 ]
419 silly gunzTarPerm extractEntry CHANGELOG.md
420 silly gunzTarPerm modified mode [ 'CHANGELOG.md', 436, 438 ]
421 verbose write writing to C:\Users\larkim2\Documents\Pizza\node_modules\pcap\node_modules\socketwatcher\node_modules\nan\package.json
422 info preinstall nan@1.7.0
423 verbose readDependencies loading dependencies from C:\Users\larkim2\Documents\Pizza\node_modules\pcap\node_modules\socketwatcher\node_modules\nan\package.json
424 verbose readDependencies loading dependencies from C:\Users\larkim2\Documents\Pizza\node_modules\pcap\node_modules\socketwatcher\node_modules\nan\package.json
425 silly install resolved []
426 verbose about to build C:\Users\larkim2\Documents\Pizza\node_modules\pcap\node_modules\socketwatcher\node_modules\nan
427 info build C:\Users\larkim2\Documents\Pizza\node_modules\pcap\node_modules\socketwatcher\node_modules\nan
428 info linkStuff nan@1.7.0
429 silly linkStuff nan@1.7.0 has C:\Users\larkim2\Documents\Pizza\node_modules\pcap\node_modules\socketwatcher\node_modules as its parent node_modules
430 verbose linkBins nan@1.7.0
431 verbose linkMans nan@1.7.0
432 verbose rebuildBundles nan@1.7.0
433 info install nan@1.7.0
434 info postinstall nan@1.7.0
435 verbose unlock done using C:\Users\larkim2\AppData\Roaming\npm-cache\_locks\nan-e44d2b5f40a3b907.lock for C:\Users\larkim2\Documents\Pizza\node_modules\pcap\node_modules\socketwatcher\node_modules\nan
436 verbose about to build C:\Users\larkim2\Documents\Pizza\node_modules\pcap\node_modules\socketwatcher
437 info build C:\Users\larkim2\Documents\Pizza\node_modules\pcap\node_modules\socketwatcher
438 info linkStuff socketwatcher@0.2.1
439 silly linkStuff socketwatcher@0.2.1 has C:\Users\larkim2\Documents\Pizza\node_modules\pcap\node_modules as its parent node_modules
440 verbose linkBins socketwatcher@0.2.1
441 verbose linkMans socketwatcher@0.2.1
442 verbose rebuildBundles socketwatcher@0.2.1
443 verbose rebuildBundles [ 'nan' ]
444 info install socketwatcher@0.2.1
445 verbose unsafe-perm in lifecycle true
446 info socketwatcher@0.2.1 Failed to exec install script
447 verbose unlock done using C:\Users\larkim2\AppData\Roaming\npm-cache\_locks\socketwatcher-3a3ed66deab89805.lock for C:\Users\larkim2\Documents\Pizza\node_modules\pcap\node_modules\socketwatcher
448 verbose about to build C:\Users\larkim2\Documents\Pizza\node_modules\pcap
449 verbose unlock done using C:\Users\larkim2\AppData\Roaming\npm-cache\_locks\pcap-78f15cf9e97393f9.lock for C:\Users\larkim2\Documents\Pizza\node_modules\pcap
450 verbose stack Error: socketwatcher@0.2.1 install: `node-gyp rebuild`
450 verbose stack Exit status 1
450 verbose stack     at EventEmitter.<anonymous> (C:\Program Files\nodejs\node_modules\npm\lib\utils\lifecycle.js:217:16)
450 verbose stack     at EventEmitter.emit (events.js:98:17)
450 verbose stack     at ChildProcess.<anonymous> (C:\Program Files\nodejs\node_modules\npm\lib\utils\spawn.js:24:14)
450 verbose stack     at ChildProcess.emit (events.js:98:17)
450 verbose stack     at maybeClose (child_process.js:766:16)
450 verbose stack     at Process.ChildProcess._handle.onexit (child_process.js:833:5)
451 verbose pkgid socketwatcher@0.2.1
452 verbose cwd C:\Users\larkim2\Documents\Pizza
453 error Windows_NT 6.3.9600
454 error argv "C:\\Program Files\\nodejs\\node.exe" "C:\\Program Files\\nodejs\\node_modules\\npm\\bin\\npm-cli.js" "install" "pcap"
455 error node v0.10.44
456 error npm  v2.15.0
457 error code ELIFECYCLE
458 error socketwatcher@0.2.1 install: `node-gyp rebuild`
458 error Exit status 1
459 error Failed at the socketwatcher@0.2.1 install script 'node-gyp rebuild'.
459 error This is most likely a problem with the socketwatcher package,
459 error not with npm itself.
459 error Tell the author that this fails on your system:
459 error     node-gyp rebuild
459 error You can get information on how to open an issue for this project with:
459 error     npm bugs socketwatcher
459 error Or if that isn't available, you can get their info via:
459 error
459 error     npm owner ls socketwatcher
459 error There is likely additional logging output above.
460 verbose exit [ 1, true ]
461 verbose unbuild node_modules\pcap\node_modules\socketwatcher
462 info preuninstall socketwatcher@0.2.1
463 info uninstall socketwatcher@0.2.1
464 verbose unbuild rmStuff socketwatcher@0.2.1 from C:\Users\larkim2\Documents\Pizza\node_modules
465 verbose unbuild rmStuff in C:\Users\larkim2\Documents\Pizza\node_modules\pcap\node_modules
466 info postuninstall socketwatcher@0.2.1
467 silly gentlyRm C:\Users\larkim2\Documents\Pizza\node_modules\pcap\node_modules\socketwatcher is being purged from base C:\Users\larkim2\Documents\Pizza
468 verbose gentlyRm don't care about contents; nuking C:\Users\larkim2\Documents\Pizza\node_modules\pcap\node_modules\socketwatcher
469 silly vacuum-fs purging C:\Users\larkim2\Documents\Pizza\node_modules\pcap\node_modules\socketwatcher
470 silly vacuum-fs quitting because other entries in C:\Users\larkim2\Documents\Pizza\node_modules\pcap\node_modules
471 verbose unbuild node_modules\pcap
472 info preuninstall pcap@2.0.1
473 info uninstall pcap@2.0.1
474 verbose unbuild rmStuff pcap@2.0.1 from C:\Users\larkim2\Documents\Pizza\node_modules
475 info postuninstall pcap@2.0.1
476 silly gentlyRm C:\Users\larkim2\Documents\Pizza\node_modules\pcap is being purged from base C:\Users\larkim2\Documents\Pizza
477 verbose gentlyRm don't care about contents; nuking C:\Users\larkim2\Documents\Pizza\node_modules\pcap
478 silly vacuum-fs purging C:\Users\larkim2\Documents\Pizza\node_modules\pcap
479 silly vacuum-fs quitting because other entries in C:\Users\larkim2\Documents\Pizza\node_modules
